XML CONFIGURATION:__________________________________
<?xml version="1.0" encoding="utf-8" ?>
<experiment>
	<name>Arabido first blood</name>
		<inputPath>
		arabido/tmp/minimix/
		</inputPath>
	
<!-- 	<trainPath> -->
<!-- 		arabido/tmp/minitrain/ -->
<!-- 	</trainPath> -->
<!-- 	<testPath> -->
<!-- 		arabido/tmp/minitest/ -->
<!-- 	</testPath> -->
	<outputPath>arabido/tmp/miniout</outputPath>
	<outputFormat>AlvisNLP</outputFormat>
	<writeObjects>false</writeObjects>
<!-- 	<outputFormatChallenge>LLL</outputFormatChallenge> -->
	<type>AlvisNLP</type>
	<verbose>3</verbose>
	<action>CrossValidation</action>
	<evaluation>Weka</evaluation>
	<schemaJSON>arabido/schema_arabido.json</schemaJSON>
	<nonDirectional>Comparison, Interacts_With</nonDirectional>
<Representation>EntireSentence</Representation>
	<SimilarityFunction>
		<functionName>Dummy</functionName>
	</SimilarityFunction>
	<Weka>
		<Algorithm>Advanced</Algorithm>
		<Classifier>dummy</Classifier>
		<Options>-c 0.0 </Options>
	</Weka>
</experiment>
_______________________________
END XML CONFIGURATION_______________________________
PROGRAM OUTPUT___________________________
Input Parsed, calculating representation
Mon Apr 13 19:46:19 CEST 2015 Calculating representation as Shortest Paths on the Dependency Graph [Target Candidates]
labeled: found 23118 possible couples and 23118 connected candidates among them.
Mon Apr 13 19:46:29 CEST 2015 >> Calculating distances for the subset dataset (This can take time).
Mon Apr 13 19:46:53 CEST 2015 Creating the Kernel
Mon Apr 13 19:46:53 CEST 2015 Building the classifier
Mon Apr 13 19:46:53 CEST 2015 done!
Mon Apr 13 19:46:53 CEST 2015 Using classifier to predict
Wrote trained model to: /home/dvalsamou/workspace/re-kernels/data/arabido/tmp/miniout/weka.model
Mon Apr 13 19:47:05 CEST 2015 done!
=== Detailed Accuracy By Class ===

               TP Rate   FP Rate   Precision   Recall  F-Measure   ROC Area  Class
                 1         0.005      0.04      1         0.076      0.997    Encodes
                 1         0.174      0.016     1         0.031      0.913    Comparison
                 1         0.112      0.016     1         0.031      0.944    Regulates_Activity_Of
                 0         0.111      0         0         0          ?        Regulates_Accumulation_Of
                 1         0.064      0.02      1         0.04       0.968    Regulates_Expression_Of
                 1         0.176      0         1         0.001      0.912    Interacts_With
                 1         0.176      0.003     1         0.005      0.912    Belongs_To
                 1         0.037      0.006     1         0.011      0.981    Binds_To
                 1         0.137      0.007     1         0.013      0.932    Is_Found_In_or_During
                 0         0          0         0         0          0.5      none
Weighted Avg.    0.008     0.001      0         0.008     0          0.503

Labeled examples distribution
Encodes: 5
Comparison: 64
Regulates_Activity_Of: 41
Regulates_Accumulation_Of: 0
Regulates_Expression_Of: 31
Interacts_With: 2
Belongs_To: 11
Binds_To: 5
Is_Found_In_or_During: 21
Total: 180
_______________________
Weighted Average Positive Only Measures
Precision: 0.015
Recall:    1.000
F-Measure: 0.029
_______________________
_______________________________
END PROGRAM OUTPUT_______________________________
Wrote files to: /home/dvalsamou/workspace/re-kernels/data/arabido/tmp/miniout
